<?xml version="1.0" encoding="UTF-8"?>
<testsuite xmlns:xsi="http://www.w3.org/2001/XMLSchema-instance" xsi:noNamespaceSchemaLocation="https://maven.apache.org/surefire/maven-surefire-plugin/xsd/surefire-test-report.xsd" name="tasksFuncional.taskTest" time="5.64" tests="4" errors="0" skipped="0" failures="0">
  <properties>
[...]
</properties>
  <testcase name="deveSalvarTarefaSemDescricao" classname="tasksFuncional.taskTest" time="5.64"/>
  <testcase name="deveSalvarTarefaComDataPassada" classname="tasksFuncional.taskTest" time="5.115"/>
  <testcase name="deveSalvarTarefaComSucesso" classname="tasksFuncional.taskTest" time="5.139"/>
  <testcase name="deveSalvarTarefaSemData" classname="tasksFuncional.taskTest" time="5.054"/>
</testsuite>